Removed Pin From Net: NetName=+5V Pin=C7-1
Removed Pin From Net: NetName=+5V Pin=C8-1
Removed Pin From Net: NetName=VMOT Pin=F1-1
Removed Pin From Net: NetName=+5V Pin=U3-3
Removed Member From Class: ClassName=U_Voeding Member=F1
Added Component: Designator=F?(Fuse)
Added Pin To Net: NetName=VMOT Pin=C9-1
Added Pin To Net: NetName=VMOT Pin=C10-1
Added Pin To Net: NetName=+5V Pin=F?-2
Added Pin To Net: NetName=VMOT Pin=U3-1
Added Pin To Net: NetName=NetC7_1 Pin=C7-1
Added Pin To Net: NetName=NetC7_1 Pin=C8-1
Added Pin To Net: NetName=NetC7_1 Pin=F?-1
Added Pin To Net: NetName=NetC7_1 Pin=U3-3
Added Net: Name=NetC7_1
Added Member To Class: ClassName=U_Voeding Member=Component F? fuse
Added Room: Name=Top
Added Room: Name=U_ATmegaMain
Added Room: Name=U_Atmega secondary
Added Room: Name=U_encoder
Added Room: Name=U_ESP8266
Added Room: Name=U_LevelShifter
Added Room: Name=U_motordriver
Added Room: Name=U_RC reciever
Added Room: Name=U_ultrasoon sensor
Added Room: Name=U_Voeding
