Added Component: Designator=C1(C0805)
Added Component: Designator=C2(C0805)
Added Component: Designator=C3(C0805)
Added Component: Designator=C4(C0805)
Added Component: Designator=C5(C0805)
Added Component: Designator=C6(C0805)
Added Component: Designator=C7(C0805)
Added Component: Designator=C8(C0805)
Added Component: Designator=C9(C0805)
Added Component: Designator=C10(C0805)
Added Component: Designator=C11(C0805)
Added Component: Designator=C12(C0805)
Added Component: Designator=C13(C0805)
Added Component: Designator=C14(C0805)
Added Component: Designator=C15(C0805)
Added Component: Designator=C16(C0805)
Added Component: Designator=C17(C0805)
Added Component: Designator=C18(C0805)
Added Component: Designator=C19(C0805)
Added Component: Designator=C20(C0805)
Added Component: Designator=C21(C0805)
Added Component: Designator=C22(C0805)
Added Component: Designator=C23(C0805)
Added Component: Designator=C24(C0805)
Added Component: Designator=C25(C0805)
Added Component: Designator=C26(C0805)
Added Component: Designator=C27(C0805)
Added Component: Designator=C28(C0805)
Added Component: Designator=C29(C0805)
Added Component: Designator=C30(C0805)
Added Component: Designator=C31(C0805)
Added Component: Designator=C32(C0805)
Added Component: Designator=C33(C0805)
Added Component: Designator=C34(C0805)
Added Component: Designator=C35(C0805)
Added Component: Designator=C36(C0805)
Added Component: Designator=C37(C0805)
Added Component: Designator=C38(C0805)
Added Component: Designator=C39(C0805)
Added Component: Designator=C40(C0805)
Added Component: Designator=C41(C0805)
Added Component: Designator=C42(C0805)
Added Component: Designator=C43(C0805)
Added Component: Designator=C44(C0805)
Added Component: Designator=C45(C0805)
Added Component: Designator=C46(C0805)
Added Component: Designator=C47(C0805)
Added Component: Designator=C48(C0805)
Added Component: Designator=C49(C0805)
Added Component: Designator=C50(C0805)
Added Component: Designator=C51(C0805)
Added Component: Designator=C52(C0805)
Added Component: Designator=C53(C0805)
Added Component: Designator=C54(C0805)
Added Component: Designator=C55(C0805)
Added Component: Designator=C56(C0805)
Added Component: Designator=C57(C0805)
Added Component: Designator=C58(C0805)
Added Component: Designator=C59(C0805)
Added Component: Designator=C60(C0805)
Added Component: Designator=C61(C0805)
Added Component: Designator=CON1(ISP programming header)
Added Component: Designator=CON2(ISP programming header)
Added Component: Designator=CON3(ScrewTerminal)
Added Component: Designator=CON4(ScrewTerminal)
Added Component: Designator=CON5(ScrewTerminal)
Added Component: Designator=CON6(ScrewTerminal)
Added Component: Designator=CON7(ENCODER)
Added Component: Designator=CON8(ENCODER)
Added Component: Designator=CON9(ENCODER)
Added Component: Designator=CON10(ENCODER)
Added Component: Designator=CON11(RcCon)
Added Component: Designator=CON12(RcCon)
Added Component: Designator=CON13(ScrewTerminal)
Added Component: Designator=IC1(ESP8266 ESP-01)
Added Component: Designator=L1(Coil)
Added Component: Designator=R1(J1-0603)
Added Component: Designator=R2(J1-0603)
Added Component: Designator=R3(J1-0603)
Added Component: Designator=R4(J1-0603)
Added Component: Designator=R5(J1-0603)
Added Component: Designator=R6(J1-0603)
Added Component: Designator=R7(J1-0603)
Added Component: Designator=R8(J1-0603)
Added Component: Designator=U1(TXB0108)
Added Component: Designator=U2(ATmga162)
Added Component: Designator=U3(TPS63061)
Added Component: Designator=U4(LD117vxx)
Added Component: Designator=U5(ATmga162)
Added Component: Designator=U6(TBS6612FNG)
Added Component: Designator=U7(TBS6612FNG)
Added Component: Designator=U8(ACS711)
Added Component: Designator=U9(ACS711)
Added Component: Designator=U10(ACS711)
Added Component: Designator=U11(ACS711)
Added Component: Designator=U12(ACS711)
Added Component: Designator=U13(tlc1543)
Added Component: Designator=U14(ultrasoonSensor)
Added Component: Designator=XTAL1(Crystal)
Added Component: Designator=XTAL2(Crystal)
Added Pin To Net: NetName=+3.3V Pin=C1-1
Added Pin To Net: NetName=GND Pin=C1-2
Added Pin To Net: NetName=+3.3V Pin=C2-1
Added Pin To Net: NetName=GND Pin=C2-2
Added Pin To Net: NetName=+3.3V Pin=C3-1
Added Pin To Net: NetName=GND Pin=C3-2
Added Pin To Net: NetName=+3.3V Pin=C4-1
Added Pin To Net: NetName=GND Pin=C4-2
Added Pin To Net: NetName=+5V Pin=C5-1
Added Pin To Net: NetName=GND Pin=C5-2
Added Pin To Net: NetName=+5V Pin=C6-1
Added Pin To Net: NetName=GND Pin=C6-2
Added Pin To Net: NetName=IBAT2 Pin=C7-1
Added Pin To Net: NetName=PGND Pin=C7-2
Added Pin To Net: NetName=IBAT2 Pin=C8-1
Added Pin To Net: NetName=PGND Pin=C8-2
Added Pin To Net: NetName=NetC9_1 Pin=C9-1
Added Pin To Net: NetName=GND Pin=C9-2
Added Pin To Net: NetName=NetC10_1 Pin=C10-1
Added Pin To Net: NetName=GND Pin=C10-2
Added Pin To Net: NetName=+5V Pin=C11-1
Added Pin To Net: NetName=GND Pin=C11-2
Added Pin To Net: NetName=+3.3V Pin=C12-1
Added Pin To Net: NetName=GND Pin=C12-2
Added Pin To Net: NetName=XTAL1 Pin=C13-1
Added Pin To Net: NetName=GND Pin=C13-2
Added Pin To Net: NetName=XTAL2 Pin=C14-1
Added Pin To Net: NetName=GND Pin=C14-2
Added Pin To Net: NetName=+5V Pin=C15-1
Added Pin To Net: NetName=GND Pin=C15-2
Added Pin To Net: NetName=+5V Pin=C16-1
Added Pin To Net: NetName=GND Pin=C16-2
Added Pin To Net: NetName=+5V Pin=C17-1
Added Pin To Net: NetName=GND Pin=C17-2
Added Pin To Net: NetName=+5V Pin=C18-1
Added Pin To Net: NetName=GND Pin=C18-2
Added Pin To Net: NetName=VMOT Pin=C19-1
Added Pin To Net: NetName=PGND Pin=C19-2
Added Pin To Net: NetName=VMOT Pin=C20-1
Added Pin To Net: NetName=PGND Pin=C20-2
Added Pin To Net: NetName=+5V Pin=C21-1
Added Pin To Net: NetName=GND Pin=C21-2
Added Pin To Net: NetName=+5V Pin=C22-1
Added Pin To Net: NetName=GND Pin=C22-2
Added Pin To Net: NetName=VMOT Pin=C23-1
Added Pin To Net: NetName=GND Pin=C23-2
Added Pin To Net: NetName=VMOT Pin=C24-1
Added Pin To Net: NetName=GND Pin=C24-2
Added Pin To Net: NetName=+5V Pin=C25-1
Added Pin To Net: NetName=GND Pin=C25-2
Added Pin To Net: NetName=+5V Pin=C26-1
Added Pin To Net: NetName=GND Pin=C26-2
Added Pin To Net: NetName=+5V Pin=C27-1
Added Pin To Net: NetName=GND Pin=C27-2
Added Pin To Net: NetName=+5V Pin=C28-1
Added Pin To Net: NetName=GND Pin=C28-2
Added Pin To Net: NetName=+5V Pin=C29-1
Added Pin To Net: NetName=GND Pin=C29-2
Added Pin To Net: NetName=+5V Pin=C30-1
Added Pin To Net: NetName=GND Pin=C30-2
Added Pin To Net: NetName=+5V Pin=C31-1
Added Pin To Net: NetName=GND Pin=C31-2
Added Pin To Net: NetName=+5V Pin=C32-1
Added Pin To Net: NetName=GND Pin=C32-2
Added Pin To Net: NetName=+5V Pin=C33-1
Added Pin To Net: NetName=GND Pin=C33-2
Added Pin To Net: NetName=+5V Pin=C34-1
Added Pin To Net: NetName=GND Pin=C34-2
Added Pin To Net: NetName=+5V Pin=C35-1
Added Pin To Net: NetName=GND Pin=C35-2
Added Pin To Net: NetName=+5V Pin=C36-1
Added Pin To Net: NetName=GND Pin=C36-2
Added Pin To Net: NetName=+5V Pin=C37-1
Added Pin To Net: NetName=GND Pin=C37-2
Added Pin To Net: NetName=+5V Pin=C38-1
Added Pin To Net: NetName=GND Pin=C38-2
Added Pin To Net: NetName=XTAL11 Pin=C39-1
Added Pin To Net: NetName=GND Pin=C39-2
Added Pin To Net: NetName=XTAL21 Pin=C40-1
Added Pin To Net: NetName=GND Pin=C40-2
Added Pin To Net: NetName=+5V Pin=C41-1
Added Pin To Net: NetName=GND Pin=C41-2
Added Pin To Net: NetName=+5V Pin=C42-1
Added Pin To Net: NetName=GND Pin=C42-2
Added Pin To Net: NetName=+5V Pin=C43-1
Added Pin To Net: NetName=GND Pin=C43-2
Added Pin To Net: NetName=+5V Pin=C44-1
Added Pin To Net: NetName=GND Pin=C44-2
Added Pin To Net: NetName=+5V Pin=C45-1
Added Pin To Net: NetName=GND Pin=C45-2
Added Pin To Net: NetName=+5V Pin=C46-1
Added Pin To Net: NetName=GND Pin=C46-2
Added Pin To Net: NetName=+5V Pin=C47-1
Added Pin To Net: NetName=GND Pin=C47-2
Added Pin To Net: NetName=+5V Pin=C48-1
Added Pin To Net: NetName=GND Pin=C48-2
Added Pin To Net: NetName=+5V Pin=C49-1
Added Pin To Net: NetName=GND Pin=C49-2
Added Pin To Net: NetName=+5V Pin=C50-1
Added Pin To Net: NetName=GND Pin=C50-2
Added Pin To Net: NetName=+5V Pin=C51-1
Added Pin To Net: NetName=GND Pin=C51-2
Added Pin To Net: NetName=+5V Pin=C52-1
Added Pin To Net: NetName=GND Pin=C52-2
Added Pin To Net: NetName=+5V Pin=C53-1
Added Pin To Net: NetName=GND Pin=C53-2
Added Pin To Net: NetName=+5V Pin=C54-1
Added Pin To Net: NetName=GND Pin=C54-2
Added Pin To Net: NetName=+5V Pin=C55-1
Added Pin To Net: NetName=GND Pin=C55-2
Added Pin To Net: NetName=+5V Pin=C56-1
Added Pin To Net: NetName=GND Pin=C56-2
Added Pin To Net: NetName=+5V Pin=C57-1
Added Pin To Net: NetName=GND Pin=C57-2
Added Pin To Net: NetName=+5V Pin=C58-1
Added Pin To Net: NetName=GND Pin=C58-2
Added Pin To Net: NetName=+5V Pin=C59-1
Added Pin To Net: NetName=GND Pin=C59-2
Added Pin To Net: NetName=+5V Pin=C60-1
Added Pin To Net: NetName=GND Pin=C60-2
Added Pin To Net: NetName=+5V Pin=C61-1
Added Pin To Net: NetName=GND Pin=C61-2
Added Pin To Net: NetName=MISO1 Pin=CON1-1
Added Pin To Net: NetName=+5V Pin=CON1-2
Added Pin To Net: NetName=SCK1 Pin=CON1-3
Added Pin To Net: NetName=MOSI1 Pin=CON1-4
Added Pin To Net: NetName=RESET1 Pin=CON1-5
Added Pin To Net: NetName=GND Pin=CON1-6
Added Pin To Net: NetName=MISO Pin=CON2-1
Added Pin To Net: NetName=+5V Pin=CON2-2
Added Pin To Net: NetName=SCK Pin=CON2-3
Added Pin To Net: NetName=MOSI Pin=CON2-4
Added Pin To Net: NetName=RESET Pin=CON2-5
Added Pin To Net: NetName=GND Pin=CON2-6
Added Pin To Net: NetName=STC1 Pin=CON3-1
Added Pin To Net: NetName=IINB Pin=CON3-2
Added Pin To Net: NetName=STC2 Pin=CON4-1
Added Pin To Net: NetName=IIND Pin=CON4-2
Added Pin To Net: NetName=STC3 Pin=CON5-1
Added Pin To Net: NetName=IINF Pin=CON5-2
Added Pin To Net: NetName=STC4 Pin=CON6-1
Added Pin To Net: NetName=IINH Pin=CON6-2
Added Pin To Net: NetName=+5V Pin=CON7-1
Added Pin To Net: NetName=NetCON7_2 Pin=CON7-2
Added Pin To Net: NetName=NetCON7_3 Pin=CON7-3
Added Pin To Net: NetName=GND Pin=CON7-4
Added Pin To Net: NetName=+5V Pin=CON8-1
Added Pin To Net: NetName=NetCON8_2 Pin=CON8-2
Added Pin To Net: NetName=NetCON8_3 Pin=CON8-3
Added Pin To Net: NetName=GND Pin=CON8-4
Added Pin To Net: NetName=+5V Pin=CON9-1
Added Pin To Net: NetName=NetCON9_2 Pin=CON9-2
Added Pin To Net: NetName=NetCON9_3 Pin=CON9-3
Added Pin To Net: NetName=GND Pin=CON9-4
Added Pin To Net: NetName=+5V Pin=CON10-1
Added Pin To Net: NetName=NetCON10_2 Pin=CON10-2
Added Pin To Net: NetName=NetCON10_3 Pin=CON10-3
Added Pin To Net: NetName=GND Pin=CON10-4
Added Pin To Net: NetName=NetCON11_1 Pin=CON11-1
Added Pin To Net: NetName=+5V Pin=CON11-2
Added Pin To Net: NetName=GND Pin=CON11-3
Added Pin To Net: NetName=NetCON12_1 Pin=CON12-1
Added Pin To Net: NetName=GND Pin=CON12-3
Added Pin To Net: NetName=GND Pin=CON13-1
Added Pin To Net: NetName=IBAT1 Pin=CON13-2
Added Pin To Net: NetName=NetIC1_1 Pin=IC1-1
Added Pin To Net: NetName=+3.3V Pin=IC1-2
Added Pin To Net: NetName=NetIC1_3 Pin=IC1-3
Added Pin To Net: NetName=NetIC1_4 Pin=IC1-4
Added Pin To Net: NetName=NetIC1_5 Pin=IC1-5
Added Pin To Net: NetName=NetIC1_6 Pin=IC1-6
Added Pin To Net: NetName=GND Pin=IC1-7
Added Pin To Net: NetName=NetIC1_8 Pin=IC1-8
Added Pin To Net: NetName=NetL1_1 Pin=L1-1
Added Pin To Net: NetName=NetL1_2 Pin=L1-2
Added Pin To Net: NetName=NetC9_1 Pin=R1-1
Added Pin To Net: NetName=+5V Pin=R1-2
Added Pin To Net: NetName=GND Pin=R2-1
Added Pin To Net: NetName=NetC9_1 Pin=R2-2
Added Pin To Net: NetName=NetR3_1 Pin=R3-1
Added Pin To Net: NetName=+5V Pin=R3-2
Added Pin To Net: NetName=NetR4_1 Pin=R4-1
Added Pin To Net: NetName=+5V Pin=R4-2
Added Pin To Net: NetName=NetR5_1 Pin=R5-1
Added Pin To Net: NetName=+5V Pin=R5-2
Added Pin To Net: NetName=NetR6_1 Pin=R6-1
Added Pin To Net: NetName=+5V Pin=R6-2
Added Pin To Net: NetName=NetR7_1 Pin=R7-1
Added Pin To Net: NetName=+5V Pin=R7-2
Added Pin To Net: NetName=NetR8_1 Pin=R8-1
Added Pin To Net: NetName=+5V Pin=R8-2
Added Pin To Net: NetName=GND Pin=U1-1
Added Pin To Net: NetName=+3.3V Pin=U1-2
Added Pin To Net: NetName=NetIC1_1 Pin=U1-3
Added Pin To Net: NetName=NetIC1_4 Pin=U1-4
Added Pin To Net: NetName=NetIC1_3 Pin=U1-5
Added Pin To Net: NetName=NetIC1_6 Pin=U1-6
Added Pin To Net: NetName=NetIC1_5 Pin=U1-7
Added Pin To Net: NetName=NetIC1_8 Pin=U1-8
Added Pin To Net: NetName=GND Pin=U1-9
Added Pin To Net: NetName=NetU1_10 Pin=U1-10
Added Pin To Net: NetName=GND Pin=U1-11
Added Pin To Net: NetName=NetU1_13 Pin=U1-13
Added Pin To Net: NetName=NetU1_14 Pin=U1-14
Added Pin To Net: NetName=NetU1_15 Pin=U1-15
Added Pin To Net: NetName=NetU1_16 Pin=U1-16
Added Pin To Net: NetName=NetU1_17 Pin=U1-17
Added Pin To Net: NetName=NetU1_18 Pin=U1-18
Added Pin To Net: NetName=+5V Pin=U1-19
Added Pin To Net: NetName=MOSI1 Pin=U2-1
Added Pin To Net: NetName=MISO1 Pin=U2-2
Added Pin To Net: NetName=SCK1 Pin=U2-3
Added Pin To Net: NetName=RESET1 Pin=U2-4
Added Pin To Net: NetName=NetU1_13 Pin=U2-5
Added Pin To Net: NetName=+5V Pin=U2-6
Added Pin To Net: NetName=NetU1_18 Pin=U2-7
Added Pin To Net: NetName=NetU2_8 Pin=U2-8
Added Pin To Net: NetName=NetU2_9 Pin=U2-9
Added Pin To Net: NetName=NetU1_17 Pin=U2-10
Added Pin To Net: NetName=NetU1_16 Pin=U2-11
Added Pin To Net: NetName=NetU1_15 Pin=U2-12
Added Pin To Net: NetName=NetU1_14 Pin=U2-13
Added Pin To Net: NetName=XTAL21 Pin=U2-14
Added Pin To Net: NetName=XTAL11 Pin=U2-15
Added Pin To Net: NetName=GND Pin=U2-16
Added Pin To Net: NetName=+5V Pin=U2-17
Added Pin To Net: NetName=NetU1_10 Pin=U2-18
Added Pin To Net: NetName=NetCON10_3 Pin=U2-24
Added Pin To Net: NetName=NetCON10_2 Pin=U2-25
Added Pin To Net: NetName=NetCON9_2 Pin=U2-26
Added Pin To Net: NetName=NetCON9_3 Pin=U2-27
Added Pin To Net: NetName=GND Pin=U2-28
Added Pin To Net: NetName=NetCON8_3 Pin=U2-29
Added Pin To Net: NetName=NetCON8_2 Pin=U2-30
Added Pin To Net: NetName=NetCON7_3 Pin=U2-31
Added Pin To Net: NetName=NetCON7_2 Pin=U2-32
Added Pin To Net: NetName=NetR3_1 Pin=U2-33
Added Pin To Net: NetName=NetR7_1 Pin=U2-34
Added Pin To Net: NetName=NetR6_1 Pin=U2-35
Added Pin To Net: NetName=NetR5_1 Pin=U2-36
Added Pin To Net: NetName=NetR4_1 Pin=U2-37
Added Pin To Net: NetName=+5V Pin=U2-38
Added Pin To Net: NetName=GND Pin=U2-39
Added Pin To Net: NetName=NetU2_40 Pin=U2-40
Added Pin To Net: NetName=NetU2_41 Pin=U2-41
Added Pin To Net: NetName=NetU2_42 Pin=U2-42
Added Pin To Net: NetName=NetU2_43 Pin=U2-43
Added Pin To Net: NetName=NetU2_44 Pin=U2-44
Added Pin To Net: NetName=NetL1_1 Pin=U3-1
Added Pin To Net: NetName=IBAT2 Pin=U3-2
Added Pin To Net: NetName=IBAT2 Pin=U3-3
Added Pin To Net: NetName=PGND Pin=U3-4
Added Pin To Net: NetName=NetC10_1 Pin=U3-6
Added Pin To Net: NetName=GND Pin=U3-7
Added Pin To Net: NetName=NetC9_1 Pin=U3-8
Added Pin To Net: NetName=+5V Pin=U3-9
Added Pin To Net: NetName=NetL1_2 Pin=U3-10
Added Pin To Net: NetName=PGND Pin=U3-11
Added Pin To Net: NetName=+5V Pin=U4-1
Added Pin To Net: NetName=GND Pin=U4-2
Added Pin To Net: NetName=+3.3V Pin=U4-3
Added Pin To Net: NetName=MOSI Pin=U5-1
Added Pin To Net: NetName=MISO Pin=U5-2
Added Pin To Net: NetName=SCK Pin=U5-3
Added Pin To Net: NetName=RESET Pin=U5-4
Added Pin To Net: NetName=+5V Pin=U5-6
Added Pin To Net: NetName=XTAL2 Pin=U5-14
Added Pin To Net: NetName=XTAL1 Pin=U5-15
Added Pin To Net: NetName=GND Pin=U5-16
Added Pin To Net: NetName=+5V Pin=U5-17
Added Pin To Net: NetName=NetCON12_1 Pin=U5-18
Added Pin To Net: NetName=NetCON11_1 Pin=U5-19
Added Pin To Net: NetName=NetU5_23 Pin=U5-23
Added Pin To Net: NetName=NetU5_24 Pin=U5-24
Added Pin To Net: NetName=NetU5_25 Pin=U5-25
Added Pin To Net: NetName=NetU5_26 Pin=U5-26
Added Pin To Net: NetName=NetU5_27 Pin=U5-27
Added Pin To Net: NetName=GND Pin=U5-28
Added Pin To Net: NetName=NetU5_29 Pin=U5-29
Added Pin To Net: NetName=NetU5_30 Pin=U5-30
Added Pin To Net: NetName=NetU5_31 Pin=U5-31
Added Pin To Net: NetName=NetU5_32 Pin=U5-32
Added Pin To Net: NetName=NetU5_33 Pin=U5-33
Added Pin To Net: NetName=NetU5_34 Pin=U5-34
Added Pin To Net: NetName=NetU5_35 Pin=U5-35
Added Pin To Net: NetName=NetU5_36 Pin=U5-36
Added Pin To Net: NetName=NetU5_37 Pin=U5-37
Added Pin To Net: NetName=+5V Pin=U5-38
Added Pin To Net: NetName=GND Pin=U5-39
Added Pin To Net: NetName=NetU2_8 Pin=U5-41
Added Pin To Net: NetName=NetU2_9 Pin=U5-42
Added Pin To Net: NetName=IINA Pin=U6-1
Added Pin To Net: NetName=IINA Pin=U6-2
Added Pin To Net: NetName=PGND Pin=U6-3
Added Pin To Net: NetName=PGND Pin=U6-4
Added Pin To Net: NetName=STC1 Pin=U6-5
Added Pin To Net: NetName=STC1 Pin=U6-6
Added Pin To Net: NetName=IINC Pin=U6-7
Added Pin To Net: NetName=IINC Pin=U6-8
Added Pin To Net: NetName=PGND Pin=U6-9
Added Pin To Net: NetName=PGND Pin=U6-10
Added Pin To Net: NetName=STC2 Pin=U6-11
Added Pin To Net: NetName=STC2 Pin=U6-12
Added Pin To Net: NetName=+5V Pin=U6-13
Added Pin To Net: NetName=+5V Pin=U6-14
Added Pin To Net: NetName=NetU5_37 Pin=U6-15
Added Pin To Net: NetName=NetU5_35 Pin=U6-16
Added Pin To Net: NetName=NetU5_36 Pin=U6-17
Added Pin To Net: NetName=GND Pin=U6-18
Added Pin To Net: NetName=NetU5_34 Pin=U6-19
Added Pin To Net: NetName=+5V Pin=U6-20
Added Pin To Net: NetName=NetU5_33 Pin=U6-21
Added Pin To Net: NetName=NetU5_32 Pin=U6-22
Added Pin To Net: NetName=NetU5_31 Pin=U6-23
Added Pin To Net: NetName=VCC Pin=U6-24
Added Pin To Net: NetName=IINE Pin=U7-1
Added Pin To Net: NetName=IINE Pin=U7-2
Added Pin To Net: NetName=PGND Pin=U7-3
Added Pin To Net: NetName=PGND Pin=U7-4
Added Pin To Net: NetName=STC3 Pin=U7-5
Added Pin To Net: NetName=STC3 Pin=U7-6
Added Pin To Net: NetName=IING Pin=U7-7
Added Pin To Net: NetName=IING Pin=U7-8
Added Pin To Net: NetName=PGND Pin=U7-9
Added Pin To Net: NetName=PGND Pin=U7-10
Added Pin To Net: NetName=STC4 Pin=U7-11
Added Pin To Net: NetName=STC4 Pin=U7-12
Added Pin To Net: NetName=+5V Pin=U7-13
Added Pin To Net: NetName=+5V Pin=U7-14
Added Pin To Net: NetName=NetU5_30 Pin=U7-15
Added Pin To Net: NetName=NetU5_29 Pin=U7-16
Added Pin To Net: NetName=NetU5_27 Pin=U7-17
Added Pin To Net: NetName=GND Pin=U7-18
Added Pin To Net: NetName=NetU5_26 Pin=U7-19
Added Pin To Net: NetName=+5V Pin=U7-20
Added Pin To Net: NetName=NetU5_25 Pin=U7-21
Added Pin To Net: NetName=NetU5_24 Pin=U7-22
Added Pin To Net: NetName=NetU5_23 Pin=U7-23
Added Pin To Net: NetName=VCC Pin=U7-24
Added Pin To Net: NetName=IINA Pin=U8-1
Added Pin To Net: NetName=IINA Pin=U8-2
Added Pin To Net: NetName=IINB Pin=U8-3
Added Pin To Net: NetName=IINB Pin=U8-4
Added Pin To Net: NetName=GND Pin=U8-5
Added Pin To Net: NetName=NetR4_1 Pin=U8-6
Added Pin To Net: NetName=NetU8_7 Pin=U8-7
Added Pin To Net: NetName=+5V Pin=U8-8
Added Pin To Net: NetName=IBAT1 Pin=U9-1
Added Pin To Net: NetName=IBAT1 Pin=U9-2
Added Pin To Net: NetName=IBAT2 Pin=U9-3
Added Pin To Net: NetName=IBAT2 Pin=U9-4
Added Pin To Net: NetName=GND Pin=U9-5
Added Pin To Net: NetName=NetR3_1 Pin=U9-6
Added Pin To Net: NetName=NetU9_7 Pin=U9-7
Added Pin To Net: NetName=+5V Pin=U9-8
Added Pin To Net: NetName=IINC Pin=U10-1
Added Pin To Net: NetName=IINC Pin=U10-2
Added Pin To Net: NetName=IIND Pin=U10-3
Added Pin To Net: NetName=IIND Pin=U10-4
Added Pin To Net: NetName=GND Pin=U10-5
Added Pin To Net: NetName=NetR5_1 Pin=U10-6
Added Pin To Net: NetName=NetU10_7 Pin=U10-7
Added Pin To Net: NetName=+5V Pin=U10-8
Added Pin To Net: NetName=IINE Pin=U11-1
Added Pin To Net: NetName=IINE Pin=U11-2
Added Pin To Net: NetName=IINF Pin=U11-3
Added Pin To Net: NetName=IINF Pin=U11-4
Added Pin To Net: NetName=GND Pin=U11-5
Added Pin To Net: NetName=NetR6_1 Pin=U11-6
Added Pin To Net: NetName=NetU11_7 Pin=U11-7
Added Pin To Net: NetName=+5V Pin=U11-8
Added Pin To Net: NetName=IING Pin=U12-1
Added Pin To Net: NetName=IING Pin=U12-2
Added Pin To Net: NetName=IINH Pin=U12-3
Added Pin To Net: NetName=IINH Pin=U12-4
Added Pin To Net: NetName=GND Pin=U12-5
Added Pin To Net: NetName=NetR7_1 Pin=U12-6
Added Pin To Net: NetName=NetU12_7 Pin=U12-7
Added Pin To Net: NetName=+5V Pin=U12-8
Added Pin To Net: NetName=NetU8_7 Pin=U13-1
Added Pin To Net: NetName=NetU8_7 Pin=U13-1
Added Pin To Net: NetName=NetU10_7 Pin=U13-2
Added Pin To Net: NetName=NetU11_7 Pin=U13-3
Added Pin To Net: NetName=NetU12_7 Pin=U13-4
Added Pin To Net: NetName=NetU9_7 Pin=U13-5
Added Pin To Net: NetName=GND Pin=U13-10
Added Pin To Net: NetName=NetR8_1 Pin=U13-14
Added Pin To Net: NetName=NetU2_40 Pin=U13-15
Added Pin To Net: NetName=NetU2_41 Pin=U13-16
Added Pin To Net: NetName=NetU2_42 Pin=U13-17
Added Pin To Net: NetName=NetU2_43 Pin=U13-18
Added Pin To Net: NetName=NetU2_44 Pin=U13-19
Added Pin To Net: NetName=VCC Pin=U13-20
Added Pin To Net: NetName=XTAL1 Pin=XTAL1-1
Added Pin To Net: NetName=XTAL2 Pin=XTAL1-2
Added Pin To Net: NetName=XTAL11 Pin=XTAL2-1
Added Pin To Net: NetName=XTAL21 Pin=XTAL2-2
Added Pin To Net: NetName=NetU5_11 Pin=U5-11
Added Net: Name=NetU5_11
Added Pin To Net: NetName=NetU5_12 Pin=U5-12
Added Net: Name=NetU5_12
Added Class: Name=U_ultrasoon sensor
