Removed Pin From Net: NetName=NetU1_13 Pin=U2-5
Removed Pin From Net: NetName=NetU1_18 Pin=U2-7
Removed Pin From Net: NetName=NetU1_17 Pin=U2-10
Removed Pin From Net: NetName=NetU1_16 Pin=U2-11
Removed Pin From Net: NetName=NetU1_15 Pin=U2-12
Removed Pin From Net: NetName=NetU1_14 Pin=U2-13
Added Pin To Net: NetName=NetU1_18 Pin=U2-5
Added Pin To Net: NetName=NetU1_13 Pin=U2-7
Added Pin To Net: NetName=NetU1_14 Pin=U2-10
Added Pin To Net: NetName=NetU1_15 Pin=U2-11
Added Pin To Net: NetName=NetU1_16 Pin=U2-12
Added Pin To Net: NetName=NetU1_17 Pin=U2-13
Added Pin To Net: NetName=NetU5_26 Pin=U5-26
Added Pin To Net: NetName=NetU5_26 Pin=U6-23
Added Net: Name=NetU5_26
Added Pin To Net: NetName=NetU5_40 Pin=U5-40
Added Pin To Net: NetName=NetU5_40 Pin=U6-15
Added Net: Name=NetU5_40
Added Member To Class: ClassName=U_Voeding Member=Component U4 LD1117V33
Added Room: Name=Top
Added Room: Name=U_ATmegaMain
Added Room: Name=U_Atmega secondary
Added Room: Name=U_encoder
Added Room: Name=U_ESP8266
Added Room: Name=U_LevelShifter
Added Room: Name=U_motordriver
Added Room: Name=U_RC reciever
Added Room: Name=U_ultrasoon sensor
Added Room: Name=U_Voeding
