Removed Pin From Net: NetName=VMOT Pin=C9-1
Removed Pin From Net: NetName=VMOT Pin=C10-1
Removed Pin From Net: NetName=VMOT Pin=CON13-2
Removed Pin From Net: NetName=VMOT Pin=U3-1
Added Component: Designator=F1(Fuse)
Added Component: Designator=F2(Fuse)
Added Pin To Net: NetName=VMOT Pin=F1-1
Added Pin To Net: NetName=VMOT Pin=F2-2
Added Pin To Net: NetName=NetC9_1 Pin=C9-1
Added Pin To Net: NetName=NetC9_1 Pin=C10-1
Added Pin To Net: NetName=NetC9_1 Pin=F1-2
Added Pin To Net: NetName=NetC9_1 Pin=U3-1
Added Net: Name=NetC9_1
Added Pin To Net: NetName=NetCON13_2 Pin=CON13-2
Added Pin To Net: NetName=NetCON13_2 Pin=F2-1
Added Net: Name=NetCON13_2
Added Pin To Net: NetName=NetU5_8 Pin=U5-8
Added Pin To Net: NetName=NetU5_8 Pin=U14-3
Added Net: Name=NetU5_8
Added Pin To Net: NetName=NetU5_9 Pin=U5-9
Added Pin To Net: NetName=NetU5_9 Pin=U14-2
Added Net: Name=NetU5_9
Added Member To Class: ClassName=U_Voeding Member=Component F1 fuse
Added Member To Class: ClassName=U_Voeding Member=Component F2 fuse
Added Room: Name=Top
Added Room: Name=U_ATmegaMain
Added Room: Name=U_Atmega secondary
Added Room: Name=U_encoder
Added Room: Name=U_ESP8266
Added Room: Name=U_LevelShifter
Added Room: Name=U_motordriver
Added Room: Name=U_RC reciever
Added Room: Name=U_ultrasoon sensor
Added Room: Name=U_Voeding
