Added Component: Designator=*1(Crystal)
Added Component: Designator=*(Crystal)
Added Component: Designator=C1(C0805)
Added Component: Designator=C2(C0805)
Added Component: Designator=C3(C0805)
Added Component: Designator=C4(C0805)
Added Component: Designator=C5(C0805)
Added Component: Designator=C6(C0805)
Added Component: Designator=C7(C0805)
Added Component: Designator=C8(C0805)
Added Component: Designator=C9(C0805)
Added Component: Designator=C10(C0805)
Added Component: Designator=C11(C0805)
Added Component: Designator=C12(C0805)
Added Component: Designator=C13(C0805)
Added Component: Designator=C14(C0805)
Added Component: Designator=C15(C0805)
Added Component: Designator=C16(C0805)
Added Component: Designator=C17(C0805)
Added Component: Designator=C18(C0805)
Added Component: Designator=C19(C0805)
Added Component: Designator=C20(C0805)
Added Component: Designator=C21(C0805)
Added Component: Designator=C22(C0805)
Added Component: Designator=C23(C0805)
Added Component: Designator=C24(C0805)
Added Component: Designator=C25(C0805)
Added Component: Designator=C26(C0805)
Added Component: Designator=C27(C0805)
Added Component: Designator=C28(C0805)
Added Component: Designator=C29(C0805)
Added Component: Designator=C30(C0805)
Added Component: Designator=C31(C0805)
Added Component: Designator=C32(C0805)
Added Component: Designator=C33(C0805)
Added Component: Designator=C34(C0805)
Added Component: Designator=C35(C0805)
Added Component: Designator=C36(C0805)
Added Component: Designator=C37(C0805)
Added Component: Designator=C38(C0805)
Added Component: Designator=C39(C0805)
Added Component: Designator=C40(C0805)
Added Component: Designator=C41(C0805)
Added Component: Designator=C42(C0805)
Added Component: Designator=C43(C0805)
Added Component: Designator=C44(C0805)
Added Component: Designator=C45(C0805)
Added Component: Designator=C46(C0805)
Added Component: Designator=C47(C0805)
Added Component: Designator=C48(C0805)
Added Component: Designator=C49(C0805)
Added Component: Designator=C50(C0805)
Added Component: Designator=C51(C0805)
Added Component: Designator=C52(C0805)
Added Component: Designator=C53(C0805)
Added Component: Designator=C54(C0805)
Added Component: Designator=C55(C0805)
Added Component: Designator=C56(C0805)
Added Component: Designator=C57(C0805)
Added Component: Designator=C58(C0805)
Added Component: Designator=C59(C0805)
Added Component: Designator=CON1(ISP programming header)
Added Component: Designator=CON2(ISP programming header)
Added Component: Designator=CON3(ScrewTerminal)
Added Component: Designator=CON4(ScrewTerminal)
Added Component: Designator=CON5(ScrewTerminal)
Added Component: Designator=CON6(ScrewTerminal)
Added Component: Designator=CON7(ENCODER)
Added Component: Designator=CON8(ENCODER)
Added Component: Designator=CON9(ENCODER)
Added Component: Designator=CON10(ENCODER)
Added Component: Designator=CON11(RcCon)
Added Component: Designator=CON12(RcCon)
Added Component: Designator=CON13(ScrewTerminal)
Added Component: Designator=IC1(ESP8266 ESP-01)
Added Component: Designator=L1(Coil)
Added Component: Designator=R1(J1-0603)
Added Component: Designator=R2(J1-0603)
Added Component: Designator=R3(J1-0603)
Added Component: Designator=R4(J1-0603)
Added Component: Designator=R5(J1-0603)
Added Component: Designator=R6(J1-0603)
Added Component: Designator=R7(J1-0603)
Added Component: Designator=R8(J1-0603)
Added Component: Designator=U1(TXB0108)
Added Component: Designator=U2(ATmga162)
Added Component: Designator=U3(TPS63061)
Added Component: Designator=U4(LD117vxx)
Added Component: Designator=U5(ATmga162)
Added Component: Designator=U6(TBS6612FNG)
Added Component: Designator=U7(TBS6612FNG)
Added Component: Designator=U8(ACS711)
Added Component: Designator=U9(ACS711)
Added Component: Designator=U10(ACS711)
Added Component: Designator=U11(ACS711)
Added Component: Designator=U12(ACS711)
Added Component: Designator=U13(tlc1543)
